<?xml version="1.0" encoding="UTF-8"?>
<!-- Generated by org.testng.reporters.JUnitXMLReporter -->
<testsuite ignored="0" hostname="CBPC-09" failures="0" tests="4" name="Default test" time="110.672" errors="0" timestamp="2024-03-20T20:03:02 IST">
  <testcase classname="responsiveTesting.AutomateResponsive" name="responsiveTesting" time="28.429"/>
  <testcase classname="responsiveTesting.AutomateResponsive" name="responsiveTesting" time="21.122"/>
  <testcase classname="responsiveTesting.AutomateResponsive" name="responsiveTesting" time="23.724"/>
  <testcase classname="responsiveTesting.AutomateResponsive" name="responsiveTesting" time="37.296"/>
</testsuite> <!-- Default test -->
