<?xml version="1.0" encoding="UTF-8"?>
<!-- Generated by org.testng.reporters.JUnitXMLReporter -->
<testsuite ignored="4" hostname="CBPC-09" failures="0" tests="1" name="Test1" time="33.283" errors="0" timestamp="2024-04-17T23:44:31 IST">
  <testcase classname="com.eva.AutomationPractice.AutomationPracticeProject" name="verifyCartsubscription" time="1.769"/>
  <testcase classname="com.eva.AutomationPractice.AutomationPracticeProject" name="verifyHomePageSubscription" time="0.0">
    <ignored/>
  </testcase> <!-- verifyHomePageSubscription -->
  <testcase classname="com.eva.AutomationPractice.AutomationPracticeProject" name="projectAllList" time="0.0">
    <ignored/>
  </testcase> <!-- projectAllList -->
  <testcase classname="com.eva.AutomationPractice.AutomationPracticeProject" name="tc001ContactUs" time="0.0">
    <ignored/>
  </testcase> <!-- tc001ContactUs -->
  <testcase classname="com.eva.AutomationPractice.AutomationPracticeProject" name="verifysearchproduct" time="0.0">
    <ignored/>
  </testcase> <!-- verifysearchproduct -->
</testsuite> <!-- Test1 -->
