<?xml version="1.0" encoding="UTF-8"?>
<!-- Generated by org.testng.reporters.JUnitXMLReporter -->
<testsuite ignored="6" hostname="CBPC-09" failures="1" tests="1" name="Test1" time="36.433" errors="0" timestamp="2024-04-23T23:40:53 IST">
  <testcase classname="com.eva.AutomationPractice.AutomationPracticeProject" name="verifyproductquantiyincart" time="4.891">
    <failure type="java.lang.AssertionError" message="expected [4] but found [16]">
      <![CDATA[java.lang.AssertionError: expected [4] but found [16]
at com.coding.Allproduct.ProductClass.verifyproductQuantityincart(ProductClass.java:88)
at com.eva.AutomationPractice.AutomationPracticeProject.verifyproductquantiyincart(AutomationPracticeProject.java:80)
at java.base/java.util.ArrayList.forEach(ArrayList.java:1596)
... Removed 31 stack frames]]>
    </failure>
  </testcase> <!-- verifyproductquantiyincart -->
  <testcase classname="com.eva.AutomationPractice.AutomationPracticeProject" name="verifyHomePageSubscription" time="0.0">
    <ignored/>
  </testcase> <!-- verifyHomePageSubscription -->
  <testcase classname="com.eva.AutomationPractice.AutomationPracticeProject" name="projectAllList" time="0.0">
    <ignored/>
  </testcase> <!-- projectAllList -->
  <testcase classname="com.eva.AutomationPractice.AutomationPracticeProject" name="tc001ContactUs" time="0.0">
    <ignored/>
  </testcase> <!-- tc001ContactUs -->
  <testcase classname="com.eva.AutomationPractice.AutomationPracticeProject" name="verifyCartsubscription" time="0.0">
    <ignored/>
  </testcase> <!-- verifyCartsubscription -->
  <testcase classname="com.eva.AutomationPractice.AutomationPracticeProject" name="verifysearchproduct" time="0.0">
    <ignored/>
  </testcase> <!-- verifysearchproduct -->
  <testcase classname="com.eva.AutomationPractice.AutomationPracticeProject" name="verifyAddproductInCart" time="0.0">
    <ignored/>
  </testcase> <!-- verifyAddproductInCart -->
</testsuite> <!-- Test1 -->
