<?xml version="1.0" encoding="UTF-8"?>
<!-- Generated by org.testng.reporters.JUnitXMLReporter -->
<testsuite ignored="6" hostname="CBPC-09" failures="0" tests="2" name="Test2" time="51.034" errors="0" timestamp="2024-03-11T15:34:16 IST">
  <testcase classname="com.evs.vtiger.testScript.Admin" name="lm001employee" time="3.13"/>
  <testcase classname="com.evs.vtiger.testScript.Admin" name="lm001employee" time="2.831"/>
  <testcase classname="com.evs.vtiger.testScript.Admin" name="CourseMangement" time="0.0">
    <ignored/>
  </testcase> <!-- CourseMangement -->
  <testcase classname="com.evs.vtiger.testScript.Admin" name="Universaldelete" time="0.0">
    <ignored/>
  </testcase> <!-- Universaldelete -->
  <testcase classname="com.evs.vtiger.testScript.Admin" name="uploadlogo" time="0.0">
    <ignored/>
  </testcase> <!-- uploadlogo -->
  <testcase classname="com.evs.vtiger.testScript.Admin" name="courseCreation" time="0.0">
    <ignored/>
  </testcase> <!-- courseCreation -->
  <testcase classname="com.evs.vtiger.testScript.Admin" name="uploadfile" time="0.0">
    <ignored/>
  </testcase> <!-- uploadfile -->
  <testcase classname="com.evs.vtiger.testScript.Admin" name="uploadprofile" time="0.0">
    <ignored/>
  </testcase> <!-- uploadprofile -->
</testsuite> <!-- Test2 -->
