<?xml version="1.0" encoding="UTF-8"?>
<!-- Generated by org.testng.reporters.JUnitXMLReporter -->
<testsuite ignored="16" hostname="DESKTOP-E27VPVB" failures="0" tests="10" name="VtigerCrm" time="58.699" errors="0" timestamp="2023-10-24T07:54:44 IST">
  <testcase classname="com.evs.vtiger.testScript.BaseClass" name="@BeforeMethod beforemethod" time="0.001">
    <failure type="java.lang.NullPointerException" message="Cannot invoke &amp;quot;com.aventstack.extentreports.ExtentReports.createTest(String)&amp;quot; because &amp;quot;this.extent&amp;quot; is null">
      <![CDATA[java.lang.NullPointerException: Cannot invoke "com.aventstack.extentreports.ExtentReports.createTest(String)" because "this.extent" is null
at com.evs.vtiger.testScript.BaseClass.beforemethod(BaseClass.java:54)
at java.base/java.util.ArrayList.forEach(ArrayList.java:1511)
... Removed 29 stack frames]]>
    </failure>
  </testcase> <!-- @BeforeMethod beforemethod -->
  <testcase classname="com.evs.vtiger.testScript.BaseClass" name="@AfterMethod aftermethod" time="0.0">
    <skipped/>
  </testcase> <!-- @AfterMethod aftermethod -->
  <testcase classname="com.evs.vtiger.testScript.BaseClass" name="@AfterClass afterclass" time="0.0">
    <skipped/>
  </testcase> <!-- @AfterClass afterclass -->
  <testcase classname="com.evs.vtiger.testScript.BaseClass" name="@BeforeMethod beforemethod" time="0.001">
    <failure type="java.lang.NullPointerException" message="Cannot invoke &amp;quot;com.aventstack.extentreports.ExtentReports.createTest(String)&amp;quot; because &amp;quot;this.extent&amp;quot; is null">
      <![CDATA[java.lang.NullPointerException: Cannot invoke "com.aventstack.extentreports.ExtentReports.createTest(String)" because "this.extent" is null
at com.evs.vtiger.testScript.BaseClass.beforemethod(BaseClass.java:54)
at java.base/java.util.ArrayList.forEach(ArrayList.java:1511)
... Removed 29 stack frames]]>
    </failure>
  </testcase> <!-- @BeforeMethod beforemethod -->
  <testcase classname="com.evs.vtiger.testScript.BaseClass" name="@AfterMethod aftermethod" time="0.0">
    <skipped/>
  </testcase> <!-- @AfterMethod aftermethod -->
  <testcase classname="com.evs.vtiger.testScript.BaseClass" name="@AfterClass afterclass" time="0.0">
    <skipped/>
  </testcase> <!-- @AfterClass afterclass -->
  <testcase classname="com.evs.vtiger.testScript.BaseClass" name="@BeforeMethod beforemethod" time="0.001">
    <failure type="java.lang.NullPointerException" message="Cannot invoke &amp;quot;com.aventstack.extentreports.ExtentReports.createTest(String)&amp;quot; because &amp;quot;this.extent&amp;quot; is null">
      <![CDATA[java.lang.NullPointerException: Cannot invoke "com.aventstack.extentreports.ExtentReports.createTest(String)" because "this.extent" is null
at com.evs.vtiger.testScript.BaseClass.beforemethod(BaseClass.java:54)
at java.base/java.util.ArrayList.forEach(ArrayList.java:1511)
... Removed 29 stack frames]]>
    </failure>
  </testcase> <!-- @BeforeMethod beforemethod -->
  <testcase classname="com.evs.vtiger.testScript.BaseClass" name="@AfterMethod aftermethod" time="0.0">
    <skipped/>
  </testcase> <!-- @AfterMethod aftermethod -->
  <testcase classname="com.evs.vtiger.testScript.BaseClass" name="@AfterClass afterclass" time="0.0">
    <skipped/>
  </testcase> <!-- @AfterClass afterclass -->
  <testcase classname="com.evs.vtiger.testScript.BaseClass" name="@BeforeMethod beforemethod" time="0.001">
    <failure type="java.lang.NullPointerException" message="Cannot invoke &amp;quot;com.aventstack.extentreports.ExtentReports.createTest(String)&amp;quot; because &amp;quot;this.extent&amp;quot; is null">
      <![CDATA[java.lang.NullPointerException: Cannot invoke "com.aventstack.extentreports.ExtentReports.createTest(String)" because "this.extent" is null
at com.evs.vtiger.testScript.BaseClass.beforemethod(BaseClass.java:54)
at java.base/java.util.ArrayList.forEach(ArrayList.java:1511)
... Removed 29 stack frames]]>
    </failure>
  </testcase> <!-- @BeforeMethod beforemethod -->
  <testcase classname="com.evs.vtiger.testScript.BaseClass" name="@AfterMethod aftermethod" time="0.0">
    <skipped/>
  </testcase> <!-- @AfterMethod aftermethod -->
  <testcase classname="com.evs.vtiger.testScript.BaseClass" name="@AfterClass afterclass" time="0.0">
    <skipped/>
  </testcase> <!-- @AfterClass afterclass -->
  <testcase classname="com.evs.vtiger.testScript.BaseClass" name="@BeforeMethod beforemethod" time="0.001">
    <failure type="java.lang.NullPointerException" message="Cannot invoke &amp;quot;com.aventstack.extentreports.ExtentReports.createTest(String)&amp;quot; because &amp;quot;this.extent&amp;quot; is null">
      <![CDATA[java.lang.NullPointerException: Cannot invoke "com.aventstack.extentreports.ExtentReports.createTest(String)" because "this.extent" is null
at com.evs.vtiger.testScript.BaseClass.beforemethod(BaseClass.java:54)
at java.base/java.util.ArrayList.forEach(ArrayList.java:1511)
... Removed 29 stack frames]]>
    </failure>
  </testcase> <!-- @BeforeMethod beforemethod -->
  <testcase classname="com.evs.vtiger.testScript.BaseClass" name="@AfterMethod aftermethod" time="0.0">
    <skipped/>
  </testcase> <!-- @AfterMethod aftermethod -->
  <testcase classname="com.evs.vtiger.testScript.BaseClass" name="@AfterClass afterclass" time="0.0">
    <skipped/>
  </testcase> <!-- @AfterClass afterclass -->
  <testcase classname="com.evs.vtiger.testScript.BaseClass" name="@BeforeMethod beforemethod" time="0.002">
    <failure type="java.lang.NullPointerException" message="Cannot invoke &amp;quot;com.aventstack.extentreports.ExtentReports.createTest(String)&amp;quot; because &amp;quot;this.extent&amp;quot; is null">
      <![CDATA[java.lang.NullPointerException: Cannot invoke "com.aventstack.extentreports.ExtentReports.createTest(String)" because "this.extent" is null
at com.evs.vtiger.testScript.BaseClass.beforemethod(BaseClass.java:54)
at java.base/java.util.ArrayList.forEach(ArrayList.java:1511)
... Removed 29 stack frames]]>
    </failure>
  </testcase> <!-- @BeforeMethod beforemethod -->
  <testcase classname="com.evs.vtiger.testScript.BaseClass" name="@AfterMethod aftermethod" time="0.0">
    <skipped/>
  </testcase> <!-- @AfterMethod aftermethod -->
  <testcase classname="com.evs.vtiger.testScript.BaseClass" name="@AfterClass afterclass" time="0.0">
    <skipped/>
  </testcase> <!-- @AfterClass afterclass -->
  <testcase classname="com.evs.vtiger.testScript.BaseClass" name="@BeforeMethod beforemethod" time="0.001">
    <failure type="java.lang.NullPointerException" message="Cannot invoke &amp;quot;com.aventstack.extentreports.ExtentReports.createTest(String)&amp;quot; because &amp;quot;this.extent&amp;quot; is null">
      <![CDATA[java.lang.NullPointerException: Cannot invoke "com.aventstack.extentreports.ExtentReports.createTest(String)" because "this.extent" is null
at com.evs.vtiger.testScript.BaseClass.beforemethod(BaseClass.java:54)
at java.base/java.util.ArrayList.forEach(ArrayList.java:1511)
... Removed 29 stack frames]]>
    </failure>
  </testcase> <!-- @BeforeMethod beforemethod -->
  <testcase classname="com.evs.vtiger.testScript.BaseClass" name="@AfterMethod aftermethod" time="0.0">
    <skipped/>
  </testcase> <!-- @AfterMethod aftermethod -->
  <testcase classname="com.evs.vtiger.testScript.BaseClass" name="@AfterClass afterclass" time="0.0">
    <skipped/>
  </testcase> <!-- @AfterClass afterclass -->
  <testcase classname="com.evs.vtiger.testScript.BaseClass" name="@BeforeMethod beforemethod" time="0.003">
    <failure type="java.lang.NullPointerException" message="Cannot invoke &amp;quot;com.aventstack.extentreports.ExtentReports.createTest(String)&amp;quot; because &amp;quot;this.extent&amp;quot; is null">
      <![CDATA[java.lang.NullPointerException: Cannot invoke "com.aventstack.extentreports.ExtentReports.createTest(String)" because "this.extent" is null
at com.evs.vtiger.testScript.BaseClass.beforemethod(BaseClass.java:54)
at java.base/java.util.ArrayList.forEach(ArrayList.java:1511)
... Removed 29 stack frames]]>
    </failure>
  </testcase> <!-- @BeforeMethod beforemethod -->
  <testcase classname="com.evs.vtiger.testScript.BaseClass" name="@AfterMethod aftermethod" time="0.0">
    <skipped/>
  </testcase> <!-- @AfterMethod aftermethod -->
  <testcase classname="com.evs.vtiger.testScript.BaseClass" name="@BeforeMethod beforemethod" time="0.0">
    <skipped/>
  </testcase> <!-- @BeforeMethod beforemethod -->
  <testcase classname="com.evs.vtiger.testScript.BaseClass" name="@AfterMethod aftermethod" time="0.0">
    <skipped/>
  </testcase> <!-- @AfterMethod aftermethod -->
  <testcase classname="com.evs.vtiger.testScript.BaseClass" name="@AfterClass afterclass" time="0.0">
    <skipped/>
  </testcase> <!-- @AfterClass afterclass -->
  <testcase classname="com.evs.vtiger.testScript.MarketingAccountTestScript" name="verifyVT002CreateAccount" time="24.244"/>
  <testcase classname="com.evs.vtiger.testScript.MarketingContactTestScript" name="vt0031createNewMarketingContact" time="0.0">
    <skipped/>
  </testcase> <!-- vt0031createNewMarketingContact -->
  <testcase classname="com.evs.vtiger.testScript.MarketingDocumetnsTestScript" name="verifyVT0040MarketingDocuments" time="0.0">
    <skipped/>
  </testcase> <!-- verifyVT0040MarketingDocuments -->
  <testcase classname="com.evs.vtiger.testScript.InventoryInvoiceTestScript" name="CreateInvoice" time="0.001">
    <skipped/>
  </testcase> <!-- CreateInvoice -->
  <testcase classname="com.evs.vtiger.testScript.MarketingLeadsTestScript" name="verifyvt0030CreadsNewLeads" time="0.0">
    <skipped/>
  </testcase> <!-- verifyvt0030CreadsNewLeads -->
  <testcase classname="com.evs.vtiger.testScript.SalesDocumentsTestScript" name="verifyVT0046SalesDocuments" time="0.001">
    <skipped/>
  </testcase> <!-- verifyVT0046SalesDocuments -->
  <testcase classname="com.evs.vtiger.testScript.MarketingAccountSearchTestScript" name="verifyVT001SearchAccount" time="0.003">
    <skipped/>
  </testcase> <!-- verifyVT001SearchAccount -->
  <testcase classname="com.evs.vtiger.testScript.MarketingLeadsExportTestscript" name="verifyVT0044" time="0.0">
    <skipped/>
  </testcase> <!-- verifyVT0044 -->
  <testcase classname="com.evs.vtiger.testScript.MainSubmoduleTestscript" name="m2method" time="0.0">
    <skipped/>
  </testcase> <!-- m2method -->
  <testcase classname="com.evs.vtiger.testScript.MainSubmoduleTestscript" name="verifyVT0047mainSubmodule" time="0.001">
    <skipped/>
  </testcase> <!-- verifyVT0047mainSubmodule -->
  <testcase classname="com.evs.vtiger.testScript.BaseClass" name="@AfterSuite aftersuit" time="0.0">
    <ignored/>
  </testcase> <!-- @AfterSuite aftersuit -->
  <testcase classname="com.evs.vtiger.testScript.BaseClass" name="@AfterSuite aftersuit" time="0.0">
    <ignored/>
  </testcase> <!-- @AfterSuite aftersuit -->
  <testcase classname="com.evs.vtiger.testScript.BaseClass" name="@AfterSuite aftersuit" time="0.0">
    <ignored/>
  </testcase> <!-- @AfterSuite aftersuit -->
  <testcase classname="com.evs.vtiger.testScript.BaseClass" name="@BeforeSuite beforesuit" time="0.0">
    <ignored/>
  </testcase> <!-- @BeforeSuite beforesuit -->
  <testcase classname="com.evs.vtiger.testScript.BaseClass" name="@BeforeSuite beforesuit" time="0.0">
    <ignored/>
  </testcase> <!-- @BeforeSuite beforesuit -->
  <testcase classname="com.evs.vtiger.testScript.BaseClass" name="@BeforeSuite beforesuit" time="0.0">
    <ignored/>
  </testcase> <!-- @BeforeSuite beforesuit -->
  <testcase classname="com.evs.vtiger.testScript.BaseClass" name="@AfterSuite aftersuit" time="0.0">
    <ignored/>
  </testcase> <!-- @AfterSuite aftersuit -->
  <testcase classname="com.evs.vtiger.testScript.BaseClass" name="@BeforeSuite beforesuit" time="0.0">
    <ignored/>
  </testcase> <!-- @BeforeSuite beforesuit -->
  <testcase classname="com.evs.vtiger.testScript.BaseClass" name="@BeforeSuite beforesuit" time="0.0">
    <ignored/>
  </testcase> <!-- @BeforeSuite beforesuit -->
  <testcase classname="com.evs.vtiger.testScript.BaseClass" name="@AfterSuite aftersuit" time="0.0">
    <ignored/>
  </testcase> <!-- @AfterSuite aftersuit -->
  <testcase classname="com.evs.vtiger.testScript.BaseClass" name="@BeforeSuite beforesuit" time="0.0">
    <ignored/>
  </testcase> <!-- @BeforeSuite beforesuit -->
  <testcase classname="com.evs.vtiger.testScript.BaseClass" name="@AfterSuite aftersuit" time="0.0">
    <ignored/>
  </testcase> <!-- @AfterSuite aftersuit -->
  <testcase classname="com.evs.vtiger.testScript.BaseClass" name="@BeforeSuite beforesuit" time="0.0">
    <ignored/>
  </testcase> <!-- @BeforeSuite beforesuit -->
  <testcase classname="com.evs.vtiger.testScript.BaseClass" name="@AfterSuite aftersuit" time="0.0">
    <ignored/>
  </testcase> <!-- @AfterSuite aftersuit -->
  <testcase classname="com.evs.vtiger.testScript.BaseClass" name="@AfterSuite aftersuit" time="0.0">
    <ignored/>
  </testcase> <!-- @AfterSuite aftersuit -->
  <testcase classname="com.evs.vtiger.testScript.BaseClass" name="@BeforeSuite beforesuit" time="0.0">
    <ignored/>
  </testcase> <!-- @BeforeSuite beforesuit -->
</testsuite> <!-- VtigerCrm -->
