<?xml version="1.0" encoding="UTF-8"?>
<testng-results ignored="0" total="1" passed="1" failed="0" skipped="0">
  <reporter-output>
  </reporter-output>
  <suite started-at="2024-04-15T23:58:34 IST" name="Default suite" finished-at="2024-04-15T23:59:25 IST" duration-ms="50437">
    <groups>
    </groups>
    <test started-at="2024-04-15T23:58:34 IST" name="Default test" finished-at="2024-04-15T23:59:25 IST" duration-ms="50437">
      <class name="com.eva.registration.Registration_Login">
        <test-method signature="registration()[pri:0, instance:com.eva.registration.Registration_Login@4803b726]" started-at="2024-04-15T23:58:34 IST" name="registration" finished-at="2024-04-15T23:59:25 IST" duration-ms="50379" status="PASS">
          <reporter-output>
          </reporter-output>
        </test-method> <!-- registration -->
      </class> <!-- com.eva.registration.Registration_Login -->
    </test> <!-- Default test -->
  </suite> <!-- Default suite -->
</testng-results>
