<?xml version="1.0" encoding="UTF-8"?>
<testng-results ignored="2" total="3" passed="1" failed="0" skipped="0">
  <reporter-output>
  </reporter-output>
  <suite started-at="2024-04-17T19:49:57 IST" name="Suite" finished-at="2024-04-17T19:50:56 IST" duration-ms="58906">
    <groups>
    </groups>
    <test started-at="2024-04-17T19:49:57 IST" name="Test1" finished-at="2024-04-17T19:50:56 IST" duration-ms="58906">
      <class name="com.eva.AutomationPractice.AutomationPracticeProject">
        <test-method is-config="true" signature="beforesuit()[pri:0, instance:com.eva.AutomationPractice.AutomationPracticeProject@63376bed]" started-at="2024-04-17T19:49:57 IST" name="beforesuit" finished-at="2024-04-17T19:49:57 IST" duration-ms="571" status="PASS">
          <reporter-output>
          </reporter-output>
        </test-method> <!-- beforesuit -->
        <test-method is-config="true" signature="beforeClass(java.lang.String,java.lang.String)[pri:0, instance:com.eva.AutomationPractice.AutomationPracticeProject@63376bed]" started-at="2024-04-17T19:49:57 IST" name="beforeClass" finished-at="2024-04-17T19:50:17 IST" duration-ms="20128" status="PASS">
          <params>
            <param index="0">
              <value>
                <![CDATA[chrome]]>
              </value>
            </param>
            <param index="1">
              <value>
                <![CDATA[https://automationexercise.com/]]>
              </value>
            </param>
          </params>
          <reporter-output>
          </reporter-output>
        </test-method> <!-- beforeClass -->
        <test-method is-config="true" signature="beforemethod()[pri:0, instance:com.eva.AutomationPractice.AutomationPracticeProject@63376bed]" started-at="2024-04-17T19:50:18 IST" name="beforemethod" finished-at="2024-04-17T19:50:18 IST" duration-ms="1" status="PASS">
          <reporter-output>
          </reporter-output>
        </test-method> <!-- beforemethod -->
        <test-method is-config="true" signature="beforemethod(java.lang.String,java.lang.String,java.lang.reflect.Method)[pri:0, instance:com.eva.AutomationPractice.AutomationPracticeProject@63376bed]" started-at="2024-04-17T19:50:18 IST" name="beforemethod" finished-at="2024-04-17T19:50:39 IST" duration-ms="21442" status="PASS">
          <params>
            <param index="0">
              <value>
                <![CDATA[codingkishan@yopmail.com]]>
              </value>
            </param>
            <param index="1">
              <value>
                <![CDATA[Kishan@12345]]>
              </value>
            </param>
            <param index="2">
              <value>
                <![CDATA[public void com.eva.AutomationPractice.AutomationPracticeProject.verifysearchproduct()]]>
              </value>
            </param>
          </params>
          <reporter-output>
          </reporter-output>
        </test-method> <!-- beforemethod -->
        <test-method signature="verifysearchproduct()[pri:0, instance:com.eva.AutomationPractice.AutomationPracticeProject@63376bed]" started-at="2024-04-17T19:50:39 IST" name="verifysearchproduct" finished-at="2024-04-17T19:50:46 IST" duration-ms="6981" status="PASS">
          <reporter-output>
          </reporter-output>
        </test-method> <!-- verifysearchproduct -->
        <test-method is-config="true" signature="aftermethod(org.testng.ITestResult,java.lang.reflect.Method)[pri:0, instance:com.eva.AutomationPractice.AutomationPracticeProject@63376bed]" started-at="2024-04-17T19:50:46 IST" name="aftermethod" finished-at="2024-04-17T19:50:56 IST" duration-ms="9693" status="PASS">
          <params>
            <param index="0">
              <value>
                <![CDATA[[TestResult name=verifysearchproduct status=SUCCESS method=AutomationPracticeProject.verifysearchproduct()[pri:0, instance:com.eva.AutomationPractice.AutomationPracticeProject@63376bed] output={null}]]]>
              </value>
            </param>
            <param index="1">
              <value>
                <![CDATA[public void com.eva.AutomationPractice.AutomationPracticeProject.verifysearchproduct()]]>
              </value>
            </param>
          </params>
          <reporter-output>
          </reporter-output>
        </test-method> <!-- aftermethod -->
        <test-method is-config="true" signature="afterclass()[pri:0, instance:com.eva.AutomationPractice.AutomationPracticeProject@63376bed]" started-at="2024-04-17T19:50:56 IST" name="afterclass" finished-at="2024-04-17T19:50:56 IST" duration-ms="470" status="PASS">
          <reporter-output>
          </reporter-output>
        </test-method> <!-- afterclass -->
        <test-method is-config="true" signature="aftersuit()[pri:0, instance:com.eva.AutomationPractice.AutomationPracticeProject@63376bed]" started-at="2024-04-17T19:50:56 IST" name="aftersuit" finished-at="2024-04-17T19:50:56 IST" duration-ms="25" status="PASS">
          <reporter-output>
          </reporter-output>
        </test-method> <!-- aftersuit -->
      </class> <!-- com.eva.AutomationPractice.AutomationPracticeProject -->
    </test> <!-- Test1 -->
  </suite> <!-- Suite -->
</testng-results>
